proguard/seeds.txt
com.anthonymandra.rawdroid.RawDroid
com.anthonymandra.rawdroid.TouchImageView
com.anthonymandra.rawdroid.TouchImageView: TouchImageView(android.content.Context,android.util.AttributeSet)
com.anthonymandra.rawdroid.ViewImage
com.anthonymandra.rawdroid.ZoomableImageView
com.anthonymandra.rawdroid.ZoomableImageView: ZoomableImageView(android.content.Context,android.util.AttributeSet)
...
com.github.droidfu.imageloader.ImageLoader
com.github.droidfu.imageloader.ImageLoader: int HANDLER_MESSAGE_ID
com.github.droidfu.imageloader.ImageLoader: java.lang.String BITMAP_EXTRA
com.github.droidfu.imageloader.ImageLoader: java.lang.String IMAGE_URL_EXTRA
com.github.droidfu.imageloader.ImageLoader: void setThreadPoolSize(int)
com.github.droidfu.imageloader.ImageLoader: void setMaxDownloadAttempts(int)
com.github.droidfu.imageloader.ImageLoader: void initialize(android.content.Context)
com.github.droidfu.imageloader.ImageLoader: void initialize(android.content.Context,long)
com.github.droidfu.imageloader.ImageLoader: void start(java.lang.String,android.widget.ImageView)
com.github.droidfu.imageloader.ImageLoader: void start(java.lang.String,android.widget.ImageView,android.graphics.drawable.Drawable,android.graphics.drawable.Drawable)
com.github.droidfu.imageloader.ImageLoader: void start(java.lang.String,com.github.droidfu.imageloader.ImageLoaderHandler)
com.github.droidfu.imageloader.ImageLoader: void start(java.lang.String,com.github.droidfu.imageloader.ImageLoaderHandler,android.graphics.drawable.Drawable,android.graphics.drawable.Drawable)
com.github.droidfu.imageloader.ImageLoader: void clearCache()
com.github.droidfu.imageloader.ImageLoader: com.github.droidfu.cachefu.ImageCache getImageCache()
com.github.droidfu.imageloader.ImageLoader: void run()
com.github.droidfu.imageloader.ImageLoader: void removeImage(java.lang.String)
com.github.droidfu.imageloader.ImageLoaderHandler
com.github.droidfu.imageloader.ImageLoaderHandler: ImageLoaderHandler(android.widget.ImageView,java.lang.String)
com.github.droidfu.imageloader.ImageLoaderHandler: ImageLoaderHandler(android.widget.ImageView,java.lang.String,android.graphics.drawable.Drawable)
com.github.droidfu.imageloader.ImageLoaderHandler: void handleMessage(android.os.Message)
com.github.droidfu.imageloader.ImageLoaderHandler: void handleImageLoadedMessage(android.os.Message)
com.github.droidfu.imageloader.ImageLoaderHandler: boolean handleImageLoaded(android.graphics.Bitmap,android.os.Message)
com.github.droidfu.imageloader.ImageLoaderHandler: java.lang.String getImageUrl()
com.github.droidfu.imageloader.ImageLoaderHandler: void setImageUrl(java.lang.String)
com.github.droidfu.imageloader.ImageLoaderHandler: android.widget.ImageView getImageView()
com.github.droidfu.imageloader.ImageLoaderHandler: void setImageView(android.widget.ImageView)
com.github.droidfu.services.BetterService
com.github.droidfu.services.BetterService: BetterService()
com.github.droidfu.services.BetterService: void onCreate()
com.github.droidfu.services.BetterService: android.os.IBinder onBind(android.content.Intent)
com.github.droidfu.support.ArraySupport
com.github.droidfu.support.ArraySupport: ArraySupport()
com.github.droidfu.support.ArraySupport: java.lang.Object[] join(java.lang.Object[],java.lang.Object[])
com.github.droidfu.support.ArraySupport: java.lang.Object[] delete(java.lang.Object[],int)
com.github.droidfu.support.ArraySupport: int find(java.lang.Object[],java.lang.Object)
com.github.droidfu.support.DiagnosticSupport
com.github.droidfu.support.DiagnosticSupport: int ANDROID_API_LEVEL
com.github.droidfu.support.DiagnosticSupport: DiagnosticSupport()
com.github.droidfu.support.DiagnosticSupport: java.lang.String getAndroidId(android.content.Context)
com.github.droidfu.support.DiagnosticSupport: java.lang.String getAndroidId(android.content.Context,java.lang.String)
com.github.droidfu.support.DiagnosticSupport: java.lang.String getApplicationVersionString(android.content.Context)
com.github.droidfu.support.DiagnosticSupport: java.lang.String createDiagnosis(android.app.Activity,java.lang.Exception)