proguard/mapping.txt
com.anthonymandra.rawdroid.FormatDialog -> com.anthonymandra.rawdroid.a:
    java.util.List sourceFiles -> a
    android.widget.Spinner spinner -> b
    android.content.Context mContext -> c
    com.anthonymandra.rawdroid.FormatDialog$ResponseListener responseListener -> d
    void onCreate(android.os.Bundle) -> onCreate
    java.util.List access$0(com.anthonymandra.rawdroid.FormatDialog) -> a
    android.widget.Spinner access$1(com.anthonymandra.rawdroid.FormatDialog) -> b
    void access$2$7e70161e(java.io.File,java.lang.String) -> a
    com.anthonymandra.rawdroid.FormatDialog$ResponseListener access$3(com.anthonymandra.rawdroid.FormatDialog) -> c
com.anthonymandra.rawdroid.FormatDialog$AcceptListener -> com.anthonymandra.rawdroid.b:
    com.anthonymandra.rawdroid.FormatDialog this$0 -> a
    void onClick(android.view.View) -> onClick
com.anthonymandra.rawdroid.FormatDialog$CancelListener -> com.anthonymandra.rawdroid.c:
    com.anthonymandra.rawdroid.FormatDialog this$0 -> a
    void onClick(android.view.View) -> onClick
com.anthonymandra.rawdroid.FormatDialog$ResponseListener -> com.anthonymandra.rawdroid.d:
    void Response(java.lang.Boolean) -> a
com.anthonymandra.rawdroid.ImageAdapter -> com.anthonymandra.rawdroid.e:
    android.content.Context mContext -> a
    java.util.List images -> b
    int getCount() -> getCount
    java.lang.Object getItem(int) -> getItem
    long getItemId(int) -> getItemId
    android.view.View getView(int,android.view.View,android.view.ViewGroup) -> getView
com.anthonymandra.rawdroid.MetaParser -> com.anthonymandra.rawdroid.f:
    com.anthonymandra.rawdroid.SupportedMeta Parse(java.io.File) -> a
com.anthonymandra.rawdroid.PPMtoBMP -> com.anthonymandra.rawdroid.g:
    android.graphics.Bitmap ReadBitmapFromPPM(java.io.File) -> a
com.anthonymandra.rawdroid.RawDroid -> com.anthonymandra.rawdroid.RawDroid:
    java.lang.String startPoint -> d
    java.lang.String path -> e
    java.lang.String ROOT -> f
    android.os.Parcelable gridState -> g
    android.widget.GridView imageGrid -> a
    com.anthonymandra.rawdroid.ImageAdapter imageAdapter -> b
    java.util.List allFiles -> h
    java.util.List imageFiles -> c
    int thumbSize -> i
    java.io.File storagePath -> j
    boolean mExternalStorageAvailable -> k
    boolean mExternalStorageWriteable -> l
    void onCreate(android.os.Bundle) -> onCreate
    void onCreateContextMenu(android.view.ContextMenu,android.view.View,android.view.ContextMenu$ContextMenuInfo) -> onCreateContextMenu
    boolean onCreateOptionsMenu(android.view.Menu) -> onCreateOptionsMenu
    void onResume() -> onResume
    void onPause() -> onPause
    void onStop() -> onStop
    void onDestroy() -> onDestroy
    boolean onOptionsItemSelected(android.view.MenuItem) -> onOptionsItemSelected
    boolean convertThumb(java.io.File) -> b
    android.graphics.Bitmap extractThumb(java.lang.String) -> a
    java.io.File getStoragePath() -> a
    java.io.File getThumb(java.io.File) -> a
    java.io.File getThumb(int) -> a
    java.io.File getThumb(java.lang.String) -> b
    java.io.File getThumbnailStorage() -> b
    boolean isNativeImage(java.io.File) -> c
    void Initialize() -> c
    void onBackPressed() -> onBackPressed
com.anthonymandra.rawdroid.RawDroid$1 -> com.anthonymandra.rawdroid.h:
    com.anthonymandra.rawdroid.RawDroid this$0 -> a
    void onScroll(android.widget.AbsListView,int,int,int) -> onScroll
    void onScrollStateChanged(android.widget.AbsListView,int) -> onScrollStateChanged
com.anthonymandra.rawdroid.RawDroid$2 -> com.anthonymandra.rawdroid.i:
    com.anthonymandra.rawdroid.RawDroid this$0 -> a
    void onItemClick(android.widget.AdapterView,android.view.View,int,long) -> onItemClick
com.anthonymandra.rawdroid.RawDroid$3 -> com.anthonymandra.rawdroid.j:
    com.anthonymandra.rawdroid.RawDroid this$0 -> a
    void onClick(android.view.View) -> onClick
...
org.openintents.filemanager.FileManagerActivity$3 -> org.openintents.filemanager.m:
    org.openintents.filemanager.FileManagerActivity this$0 -> a
    void onClick(android.view.View) -> onClick
org.openintents.filemanager.FileManagerActivity$4 -> org.openintents.filemanager.n:
    org.openintents.filemanager.FileManagerActivity this$0 -> a
    void onClick(android.view.View) -> onClick
org.openintents.filemanager.FileManagerActivity$5 -> org.openintents.filemanager.o:
    org.openintents.filemanager.FileManagerActivity this$0 -> a
    void onClick(android.view.View) -> onClick
org.openintents.filemanager.FileManagerActivity$6 -> org.openintents.filemanager.p:
    org.openintents.filemanager.FileManagerActivity this$0 -> a
    void onClick(android.view.View) -> onClick
org.openintents.filemanager.FileManagerActivity$7 -> org.openintents.filemanager.q:
    org.openintents.filemanager.FileManagerActivity this$0 -> a
    void onClick(android.view.View) -> onClick
org.openintents.filemanager.FileManagerActivity$8 -> org.openintents.filemanager.s:
    org.openintents.filemanager.FileManagerActivity this$0 -> a
    void onClick(android.view.View) -> onClick
org.openintents.filemanager.FileManagerActivity$9 -> org.openintents.filemanager.t:
    org.openintents.filemanager.FileManagerActivity this$0 -> a
    void onClick(android.view.View) -> onClick
org.openintents.filemanager.FileManagerActivity$RecursiveDeleteTask -> org.openintents.filemanager.u:
    org.openintents.filemanager.FileManagerActivity activity -> b
    java.io.File errorFile -> c
    org.openintents.filemanager.FileManagerActivity this$0 -> a
    int recursiveDelete(java.io.File) -> a
    void onPreExecute() -> onPreExecute
    void onPostExecute(java.lang.Object) -> onPostExecute
    java.lang.Object doInBackground(java.lang.Object[]) -> doInBackground
org.openintents.filemanager.FileManagerProvider -> org.openintents.filemanager.FileManagerProvider:
    java.lang.String AUTHORITY -> AUTHORITY
    org.openintents.filemanager.util.MimeTypes mMimeTypes -> a
    boolean onCreate() -> onCreate
    int delete(android.net.Uri,java.lang.String,java.lang.String[]) -> delete
    java.lang.String getType(android.net.Uri) -> getType
    android.net.Uri insert(android.net.Uri,android.content.ContentValues) -> insert
    android.database.Cursor query(android.net.Uri,java.lang.String[],java.lang.String,java.lang.String[],java.lang.String) -> query
    android.os.ParcelFileDescriptor openFile(android.net.Uri,java.lang.String) -> openFile
    int update(android.net.Uri,android.content.ContentValues,java.lang.String,java.lang.String[]) -> update
org.openintents.filemanager.ICComparator -> org.openintents.filemanager.v:
    int compare(java.lang.Object,java.lang.Object) -> compare
org.openintents.filemanager.IconifiedText -> org.openintents.filemanager.IconifiedText:
    java.lang.String mText -> a
    java.lang.String mInfo -> b
    android.graphics.drawable.Drawable mIcon -> c
    boolean mSelectable -> d
    boolean mSelected -> e
    boolean isSelected() -> isSelected
    void setSelected(boolean) -> setSelected
    boolean isSelectable() -> isSelectable
    void setSelectable(boolean) -> setSelectable
    java.lang.String getText() -> getText
    void setText(java.lang.String) -> setText
    java.lang.String getInfo() -> getInfo
    void setInfo(java.lang.String) -> setInfo
    void setIcon(android.graphics.drawable.Drawable) -> setIcon
    android.graphics.drawable.Drawable getIcon() -> getIcon
    int compareTo(org.openintents.filemanager.IconifiedText) -> compareTo
    int compareTo(java.lang.Object) -> compareTo