proguard/usage.txt
com.anthonymandra.rawdroid.BuildConfig
com.anthonymandra.rawdroid.FormatDialog:
    89:92:public FormatDialog(android.content.Context,java.util.List)
com.anthonymandra.rawdroid.ImageAdapter:
    20:23:public ImageAdapter(android.content.Context)
com.anthonymandra.rawdroid.MetaParser:
    private static final java.lang.String TAG
    23:23:public MetaParser()
com.anthonymandra.rawdroid.PPMFile
com.anthonymandra.rawdroid.PPMtoBMP:
    13:13:public PPMtoBMP()
com.anthonymandra.rawdroid.R
com.anthonymandra.rawdroid.R$array
com.anthonymandra.rawdroid.R$attr
com.anthonymandra.rawdroid.R$drawable
com.anthonymandra.rawdroid.R$id
com.anthonymandra.rawdroid.R$integer
com.anthonymandra.rawdroid.R$layout
com.anthonymandra.rawdroid.R$menu
com.anthonymandra.rawdroid.R$raw
com.anthonymandra.rawdroid.R$string
com.anthonymandra.rawdroid.R$xml
com.anthonymandra.rawdroid.RawCursorAdapter
com.anthonymandra.rawdroid.RawDroid:
    private static final java.lang.String TAG
    public static final java.lang.String PREFS_NAME
    android.app.Dialog formatDialog
    278:299:public static void convertRaw(java.io.File)
    356:363:public static android.graphics.Bitmap extractRaw(java.lang.String)
    386:395:public static java.io.File getRaw(java.io.File)
    400:402:private java.io.File getRaw(int)
    407:408:public static java.io.File getRaw(java.lang.String)
com.anthonymandra.rawdroid.RawDroid$4
com.anthonymandra.rawdroid.RawDroid$ThumbFileFilter
com.anthonymandra.rawdroid.TouchImageView
com.anthonymandra.rawdroid.TouchImageView$1
com.anthonymandra.rawdroid.TouchImageView$ScaleListener
com.anthonymandra.rawdroid.ViewImage:
    private static final java.lang.String TAG
    protected static final int REQUEST_CODE_PICK_FILE_OR_DIRECTORY
    public static final java.lang.String KEY_PHOTO_INDEX
    private android.widget.FrameLayout decodeProgress
com.anthonymandra.rawdroid.ZoomWrapper
com.anthonymandra.rawdroid.ZoomableImageView
com.anthonymandra.rawdroid.ZoomableImageView$1
com.anthonymandra.rawdroid.ZoomableImageView$2
com.anthonymandra.rawdroid.ZoomableImageView$MyGestureDetector
...
com.anthonymandra.content.RawResponseHandler$1
com.anthonymandra.content.ResponseHandler
com.anthonymandra.dcraw.Dcraw:
    private static final java.lang.String TAG
    private static final int nThreads
com.anthonymandra.framework.FileHandler
com.anthonymandra.framework.FileHandlerFactory:
    25:25:public com.anthonymandra.framework.FileHandler newFileHandler(java.lang.String)
    31:38:public java.io.File getFile(java.lang.String)
    44:56:public void delete(java.lang.String)
    60:60:public java.lang.String getDecodeFileName(java.lang.String)
    65:65:public java.lang.String getThumbFileName(java.lang.String)
com.drew.imaging.ImageMetadataReader:
    private static final int JPEG_FILE_MAGIC_NUMBER
    private static final int MOTOROLA_TIFF_MAGIC_NUMBER
    private static final int INTEL_TIFF_MAGIC_NUMBER
    69:70:public static com.drew.metadata.Metadata readMetadata(java.io.BufferedInputStream,boolean)
    142:215:public static void main(java.lang.String[])
    220:227:private static java.lang.String escapeForWiki(java.lang.String)
com.drew.imaging.ImageProcessingException:
    private static final long serialVersionUID
    47:48:public ImageProcessingException(java.lang.Throwable)
com.drew.imaging.PhotographicConversions:
    32:34:private PhotographicConversions()
    59:59:public static double shutterSpeedToExposureTime(double)
com.drew.imaging.R
com.drew.imaging.R$array
com.drew.imaging.R$attr
com.drew.imaging.R$drawable
com.drew.imaging.R$id
com.drew.imaging.R$integer
com.drew.imaging.R$layout
com.drew.imaging.R$menu
com.drew.imaging.R$raw
com.drew.imaging.R$string
com.drew.imaging.R$xml
com.drew.imaging.jpeg.JpegMetadataReader:
    56:56:public static com.drew.metadata.Metadata readMetadata(java.io.InputStream)
    143:145:private JpegMetadataReader()
com.drew.imaging.jpeg.JpegProcessingException:
    private static final long serialVersionUID
    47:48:public JpegProcessingException(java.lang.Throwable)
com.drew.imaging.jpeg.JpegSegmentData:
    private static final long serialVersionUID
    135:136:public int getSegmentCount(byte)
    148:150:public void removeSegmentOccurrence(byte,int)
    158:159:public void removeSegment(byte)
    168:168:public boolean containsSegment(byte)
    179:190:public static void toFile(java.io.File,com.drew.imaging.jpeg.JpegSegmentData)
    202:212:public static com.drew.imaging.jpeg.JpegSegmentData fromFile(java.io.File)
com.drew.imaging.jpeg.JpegSegmentReader:
    private static final byte SEGMENT_SOS
    private static final byte MARKER_EOI
    public static final byte SEGMENT_APP0
    public static final byte SEGMENT_APP1
    public static final byte SEGMENT_APP2
    public static final byte SEGMENT_APP3
    public static final byte SEGMENT_APP4
    public static final byte SEGMENT_APP5
    public static final byte SEGMENT_APP6
    public static final byte SEGMENT_APP7
    public static final byte SEGMENT_APP8
    public static final byte SEGMENT_APP9
    public static final byte SEGMENT_APPA
    public static final byte SEGMENT_APPB
    public static final byte SEGMENT_APPC
    public static final byte SEGMENT_APPD
    public static final byte SEGMENT_APPE
    public static final byte SEGMENT_APPF
    public static final byte SEGMENT_SOI
    public static final byte SEGMENT_DQT
    public static final byte SEGMENT_DHT
    public static final byte SEGMENT_SOF0
    public static final byte SEGMENT_COM
    124:131:public JpegSegmentReader(byte[])
    159:159:public byte[] readSegment(byte)
    172:172:public byte[] readSegment(byte,int)
    183:183:public java.lang.Iterable readSegments(byte)
    193:193:public final int getSegmentCount(byte)
com.drew.imaging.tiff.TiffMetadataReader:
    40:40:public TiffMetadataReader()
com.drew.imaging.tiff.TiffProcessingException
com.drew.lang.BufferBoundsException:
    private static final long serialVersionUID